<?xml version="1.0" encoding="UTF-8"?>
<testsuite xmlns:xsi="http://www.w3.org/2001/XMLSchema-instance" xsi:noNamespaceSchemaLocation="https://maven.apache.org/surefire/maven-surefire-plugin/xsd/surefire-test-report-3.0.xsd" version="3.0" name="com.mycompany.hospitaladmissionsystem.HospitalAdmissionSystemTest" time="0.072" tests="7" errors="0" skipped="0" failures="0">
  <properties>
[...]
</properties>
  <testcase name="testProjectManagerOccupancy" classname="com.mycompany.hospitaladmissionsystem.HospitalAdmissionSystemTest" time="0.029">
    <system-out><![CDATA[
--- Occupancy Report ---
Total Patients: 1
Occupied Beds: 1
Occupancy %: 100.00
]]></system-out>
  </testcase>
  <testcase name="testRegisterPatient" classname="com.mycompany.hospitaladmissionsystem.HospitalAdmissionSystemTest" time="0.003"/>
  <testcase name="testUpdatePatient" classname="com.mycompany.hospitaladmissionsystem.HospitalAdmissionSystemTest" time="0.0"/>
  <testcase name="testAllocateBed" classname="com.mycompany.hospitaladmissionsystem.HospitalAdmissionSystemTest" time="0.002"/>
  <testcase name="testProjectManagerDisplayAllPatients" classname="com.mycompany.hospitaladmissionsystem.HospitalAdmissionSystemTest" time="0.003">
    <system-out><![CDATA[
--- Patient List ---
ID: P04, Name: Alice Green, Age: 22, Gender: Female, Condition: Checkup, Category: OUTPATIENT
]]></system-out>
  </testcase>
  <testcase name="testDeletePatient" classname="com.mycompany.hospitaladmissionsystem.HospitalAdmissionSystemTest" time="0.002"/>
  <testcase name="testReleaseBed" classname="com.mycompany.hospitaladmissionsystem.HospitalAdmissionSystemTest" time="0.001"/>
</testsuite>